<?xml version="1.0" encoding="UTF-8"?>
<testng-results skipped="0" failed="0" ignored="0" total="2" passed="2">
  <reporter-output>
  </reporter-output>
  <suite name="Default suite" duration-ms="3783" started-at="2025-12-29T14:35:57Z" finished-at="2025-12-29T14:36:01Z">
    <groups>
      <group name="cucumber">
        <method signature="AbstractTestNGCucumberTests.runScenario(io.cucumber.testng.PickleWrapper, io.cucumber.testng.FeatureWrapper)[pri:0, instance:testrunner.TestRunner@3d51f06e]" name="runScenario" class="io.cucumber.testng.AbstractTestNGCucumberTests"/>
      </group> <!-- cucumber -->
    </groups>
    <test name="Default test" duration-ms="3783" started-at="2025-12-29T14:35:57Z" finished-at="2025-12-29T14:36:01Z">
      <class name="testrunner.TestRunner">
        <test-method status="PASS" signature="setUpClass(org.testng.ITestContext)[pri:0, instance:testrunner.TestRunner@3d51f06e]" name="setUpClass" is-config="true" duration-ms="687" started-at="2025-12-29T14:35:57Z" finished-at="2025-12-29T14:35:58Z">
          <params>
            <param index="0">
              <value>
                <![CDATA[org.testng.TestRunner@528c8c1]]>
              </value>
            </param>
          </params>
          <reporter-output>
          </reporter-output>
        </test-method> <!-- setUpClass -->
        <test-method status="PASS" signature="runScenario(io.cucumber.testng.PickleWrapper, io.cucumber.testng.FeatureWrapper)[pri:0, instance:testrunner.TestRunner@3d51f06e]" name="runScenario" duration-ms="2821" started-at="2025-12-29T14:35:58Z" description="Runs Cucumber Scenarios" data-provider="scenarios" finished-at="2025-12-29T14:36:01Z">
          <params>
            <param index="0">
              <value>
                <![CDATA["Get weather for City"]]>
              </value>
            </param>
            <param index="1">
              <value>
                <![CDATA["Get weather details for a city"]]>
              </value>
            </param>
          </params>
          <reporter-output>
          </reporter-output>
        </test-method> <!-- runScenario -->
        <test-method status="PASS" signature="runScenario(io.cucumber.testng.PickleWrapper, io.cucumber.testng.FeatureWrapper)[pri:0, instance:testrunner.TestRunner@3d51f06e]" name="runScenario" duration-ms="162" started-at="2025-12-29T14:36:01Z" description="Runs Cucumber Scenarios" data-provider="scenarios" finished-at="2025-12-29T14:36:01Z">
          <params>
            <param index="0">
              <value>
                <![CDATA["Get weather for City"]]>
              </value>
            </param>
            <param index="1">
              <value>
                <![CDATA["Get weather details for a city"]]>
              </value>
            </param>
          </params>
          <reporter-output>
          </reporter-output>
        </test-method> <!-- runScenario -->
        <test-method status="PASS" signature="tearDownClass()[pri:0, instance:testrunner.TestRunner@3d51f06e]" name="tearDownClass" is-config="true" duration-ms="60" started-at="2025-12-29T14:36:01Z" finished-at="2025-12-29T14:36:01Z">
          <reporter-output>
          </reporter-output>
        </test-method> <!-- tearDownClass -->
      </class> <!-- testrunner.TestRunner -->
    </test> <!-- Default test -->
  </suite> <!-- Default suite -->
</testng-results>
